2025-01-10 10:00:01 INFO App started
2025-01-10 10:00:05 INFO User logged in
2025-01-10 ERROR
2025-01-10 10:00:10 INFO App shutdown
2025-01-10 10:00:12 INFO App restarted
2025-01-10 10:00:15 INFO User logged 
2025-01-10 10:00:20 ERROR Failed to load user profile
2025-01-10 10:00:25 INFO User logged out    
2025-01-10 10:00:30 INFO App shutdown   
2025-01-10 10:00:35 INFO App started
2025-01-10  
2025-01-10 10:00:45 INFO Network connection restored
2025-01-10 10:00:55 INFO App shutdown 
2025-01-10 10:00:12 INFO App restarted
2025-01-10 10:00:15 INFO User logged 
2025-01-10 10:00:20 ERROR Network connection lost
2025-01-10 10:00:25 INFO User logged out    
2025-01-10 10:00:30 INFO App shutdown   
2025-01-10 
BROKEN LINE
2025-01-10 ERROR
BROKEN LINE
BROKEN LINE
BROKEN LINE
BROKEN LINE
BROKEN LINE
BROKEN LINE
2025-01-10 10:00:12 INFO App restarted
2025-01-10 10:00:15 INFO User logged 
2025-01-10 10:00:20 ERROR Failed to load user profile
ERROR Database timeout
ERROR Database timeout
ERROR Failed to load user profile






